<?xml version="1.0" encoding="UTF-8"?>
<!-- Generated by org.testng.reporters.JUnitReportReporter -->
<testsuite hostname="MSI" failures="0" tests="1" name="runner.TestRunner" time="2.813" errors="0" timestamp="2021-04-24T19:23:19 IST" skipped="0">
  <testcase classname="runner.TestRunner" name="runScenario" time="2.813"/>
  <system-out/>
</testsuite> <!-- runner.TestRunner -->
